<?xml version="1.0" encoding="UTF-8"?>
<!-- Generated by org.testng.reporters.JUnitReportReporter -->
<testsuite hostname="ELW4007" failures="0" tests="3" name="testCases.DataDrivenLoginTestCase" time="7.886" errors="0" timestamp="2024-11-08T09:45:36 IST" skipped="0">
  <testcase classname="testCases.DataDrivenLoginTestCase" name="test" time="0.835"/>
  <testcase classname="testCases.DataDrivenLoginTestCase" name="test" time="5.669"/>
  <testcase classname="testCases.DataDrivenLoginTestCase" name="test" time="1.382"/>
</testsuite> <!-- testCases.DataDrivenLoginTestCase -->
