<?xml version="1.0" encoding="UTF-8"?>
<!-- Generated by org.testng.reporters.JUnitReportReporter -->
<testsuite hostname="ELW4007" failures="0" tests="1" name="testCases.SearchProduct" time="3.739" errors="0" timestamp="2024-11-07T11:55:40 IST" skipped="0">
  <testcase classname="testCases.SearchProduct" name="addtocart" time="3.739"/>
</testsuite> <!-- testCases.SearchProduct -->
