<?xml version="1.0" encoding="UTF-8"?>
<!-- Generated by org.testng.reporters.JUnitReportReporter -->
<testsuite hostname="ELW4007" failures="0" tests="1" name="testCases.cartTestCase" time="11.230" errors="0" timestamp="2024-11-07T11:55:40 IST" skipped="0">
  <testcase classname="testCases.cartTestCase" name="cart" time="11.230"/>
</testsuite> <!-- testCases.cartTestCase -->
