<?xml version="1.0" encoding="UTF-8"?>
<!-- Generated by org.testng.reporters.JUnitReportReporter -->
<testsuite hostname="ELW4007" failures="0" tests="1" name="testCases.loginTestcase" time="3.073" errors="0" timestamp="2024-11-07T11:58:55 IST" skipped="0">
  <testcase classname="testCases.loginTestcase" name="test" time="3.073"/>
</testsuite> <!-- testCases.loginTestcase -->
